<?xml version="1.0" encoding="UTF-8"?>
<!-- Generated by org.testng.reporters.JUnitReportReporter -->
<testsuite hostname="VS" name="TestClassTwo" tests="1" failures="0" timestamp="5 Mar 2017 19:50:12 GMT" time="3.439" errors="0">
  <testcase name="testTest" time="3.439" classname="TestClassTwo"/>
</testsuite> <!-- TestClassTwo -->
